{"/Users/leo/Documents/GitDir/TheCameron/back/app.js": {"path":"/Users/leo/Documents/GitDir/TheCameron/back/app.js","statementMap":{"0":{"start":{"line":1,"column":16},"end":{"line":1,"column":34}},"1":{"start":{"line":2,"column":12},"end":{"line":2,"column":21}},"2":{"start":{"line":5,"column":0},"end":{"line":5,"column":24}},"3":{"start":{"line":6,"column":0},"end":{"line":6,"column":48}},"4":{"start":{"line":10,"column":14},"end":{"line":10,"column":44}},"5":{"start":{"line":15,"column":0},"end":{"line":15,"column":43}},"6":{"start":{"line":16,"column":0},"end":{"line":16,"column":33}},"7":{"start":{"line":20,"column":0},"end":{"line":20,"column":23}},"8":{"start":{"line":24,"column":0},"end":{"line":27,"column":3}},"9":{"start":{"line":25,"column":4},"end":{"line":25,"column":20}},"10":{"start":{"line":26,"column":4},"end":{"line":26,"column":37}},"11":{"start":{"line":29,"column":0},"end":{"line":29,"column":21}}},"fnMap":{"0":{"name":"(anonymous_0)","decl":{"start":{"line":24,"column":8},"end":{"line":24,"column":9}},"loc":{"start":{"line":24,"column":22},"end":{"line":27,"column":1}},"line":24}},"branchMap":{},"s":{"0":1,"1":1,"2":1,"3":1,"4":1,"5":1,"6":1,"7":1,"8":1,"9":0,"10":0,"11":1},"f":{"0":0},"b":{},"_coverageSchema":"1a1c01bbd47fc00a2c39e90264f33305004495a9","hash":"a504691a8592574f08f41813c0b60d963c9fecf3"}
,"/Users/leo/Documents/GitDir/TheCameron/back/httpCalls/user.js": {"path":"/Users/leo/Documents/GitDir/TheCameron/back/httpCalls/user.js","statementMap":{"0":{"start":{"line":1,"column":16},"end":{"line":1,"column":34}},"1":{"start":{"line":2,"column":15},"end":{"line":2,"column":31}},"2":{"start":{"line":4,"column":13},"end":{"line":4,"column":38}},"3":{"start":{"line":6,"column":0},"end":{"line":52,"column":3}},"4":{"start":{"line":7,"column":1},"end":{"line":10,"column":2}},"5":{"start":{"line":8,"column":2},"end":{"line":8,"column":71}},"6":{"start":{"line":9,"column":2},"end":{"line":9,"column":9}},"7":{"start":{"line":12,"column":1},"end":{"line":15,"column":2}},"8":{"start":{"line":13,"column":2},"end":{"line":13,"column":74}},"9":{"start":{"line":14,"column":2},"end":{"line":14,"column":9}},"10":{"start":{"line":17,"column":1},"end":{"line":20,"column":2}},"11":{"start":{"line":18,"column":2},"end":{"line":18,"column":75}},"12":{"start":{"line":19,"column":2},"end":{"line":19,"column":9}},"13":{"start":{"line":22,"column":1},"end":{"line":25,"column":2}},"14":{"start":{"line":23,"column":2},"end":{"line":23,"column":75}},"15":{"start":{"line":24,"column":2},"end":{"line":24,"column":9}},"16":{"start":{"line":27,"column":1},"end":{"line":30,"column":2}},"17":{"start":{"line":28,"column":2},"end":{"line":28,"column":72}},"18":{"start":{"line":29,"column":2},"end":{"line":29,"column":9}},"19":{"start":{"line":35,"column":10},"end":{"line":35,"column":64}},"20":{"start":{"line":36,"column":1},"end":{"line":39,"column":2}},"21":{"start":{"line":37,"column":2},"end":{"line":37,"column":59}},"22":{"start":{"line":38,"column":2},"end":{"line":38,"column":9}},"23":{"start":{"line":41,"column":12},"end":{"line":47,"column":3}},"24":{"start":{"line":49,"column":1},"end":{"line":49,"column":13}},"25":{"start":{"line":51,"column":1},"end":{"line":51,"column":59}},"26":{"start":{"line":56,"column":0},"end":{"line":56,"column":24}}},"fnMap":{"0":{"name":"(anonymous_0)","decl":{"start":{"line":6,"column":16},"end":{"line":6,"column":17}},"loc":{"start":{"line":6,"column":33},"end":{"line":52,"column":1}},"line":6}},"branchMap":{"0":{"loc":{"start":{"line":7,"column":1},"end":{"line":10,"column":2}},"type":"if","locations":[{"start":{"line":7,"column":1},"end":{"line":10,"column":2}},{"start":{"line":7,"column":1},"end":{"line":10,"column":2}}],"line":7},"1":{"loc":{"start":{"line":12,"column":1},"end":{"line":15,"column":2}},"type":"if","locations":[{"start":{"line":12,"column":1},"end":{"line":15,"column":2}},{"start":{"line":12,"column":1},"end":{"line":15,"column":2}}],"line":12},"2":{"loc":{"start":{"line":17,"column":1},"end":{"line":20,"column":2}},"type":"if","locations":[{"start":{"line":17,"column":1},"end":{"line":20,"column":2}},{"start":{"line":17,"column":1},"end":{"line":20,"column":2}}],"line":17},"3":{"loc":{"start":{"line":22,"column":1},"end":{"line":25,"column":2}},"type":"if","locations":[{"start":{"line":22,"column":1},"end":{"line":25,"column":2}},{"start":{"line":22,"column":1},"end":{"line":25,"column":2}}],"line":22},"4":{"loc":{"start":{"line":27,"column":1},"end":{"line":30,"column":2}},"type":"if","locations":[{"start":{"line":27,"column":1},"end":{"line":30,"column":2}},{"start":{"line":27,"column":1},"end":{"line":30,"column":2}}],"line":27},"5":{"loc":{"start":{"line":36,"column":1},"end":{"line":39,"column":2}},"type":"if","locations":[{"start":{"line":36,"column":1},"end":{"line":39,"column":2}},{"start":{"line":36,"column":1},"end":{"line":39,"column":2}}],"line":36}},"s":{"0":1,"1":1,"2":1,"3":1,"4":2,"5":1,"6":1,"7":1,"8":0,"9":0,"10":1,"11":0,"12":0,"13":1,"14":0,"15":0,"16":1,"17":0,"18":0,"19":1,"20":0,"21":0,"22":0,"23":0,"24":0,"25":0,"26":1},"f":{"0":2},"b":{"0":[1,1],"1":[0,1],"2":[0,1],"3":[0,1],"4":[0,1],"5":[0,0]},"_coverageSchema":"1a1c01bbd47fc00a2c39e90264f33305004495a9","hash":"a8d9729dae35a37cf497fcbd9781b5a02ad57e14"}
,"/Users/leo/Documents/GitDir/TheCameron/back/models/User.js": {"path":"/Users/leo/Documents/GitDir/TheCameron/back/models/User.js","statementMap":{"0":{"start":{"line":1,"column":15},"end":{"line":1,"column":34}},"1":{"start":{"line":2,"column":13},"end":{"line":2,"column":28}},"2":{"start":{"line":4,"column":0},"end":{"line":10,"column":4}}},"fnMap":{},"branchMap":{},"s":{"0":1,"1":1,"2":1},"f":{},"b":{},"_coverageSchema":"1a1c01bbd47fc00a2c39e90264f33305004495a9","hash":"d778137a5319ce69c4432893bd436cea9651aa87"}
}
