TN:
SF:back/app.js
FN:24,(anonymous_0)
FNF:1
FNH:0
FNDA:0,(anonymous_0)
DA:1,1
DA:2,1
DA:5,1
DA:6,1
DA:10,1
DA:15,1
DA:16,1
DA:20,1
DA:24,1
DA:25,0
DA:26,0
DA:29,1
LF:12
LH:10
BRF:0
BRH:0
end_of_record
TN:
SF:back/httpCalls/user.js
FN:6,(anonymous_0)
FNF:1
FNH:1
FNDA:2,(anonymous_0)
DA:1,1
DA:2,1
DA:4,1
DA:6,1
DA:7,2
DA:8,1
DA:9,1
DA:12,1
DA:13,0
DA:14,0
DA:17,1
DA:18,0
DA:19,0
DA:22,1
DA:23,0
DA:24,0
DA:27,1
DA:28,0
DA:29,0
DA:35,1
DA:36,0
DA:37,0
DA:38,0
DA:41,0
DA:49,0
DA:51,0
DA:56,1
LF:27
LH:13
BRDA:7,0,0,1
BRDA:7,0,1,1
BRDA:12,1,0,0
BRDA:12,1,1,1
BRDA:17,2,0,0
BRDA:17,2,1,1
BRDA:22,3,0,0
BRDA:22,3,1,1
BRDA:27,4,0,0
BRDA:27,4,1,1
BRDA:36,5,0,0
BRDA:36,5,1,0
BRF:12
BRH:6
end_of_record
TN:
SF:back/models/User.js
FNF:0
FNH:0
DA:1,1
DA:2,1
DA:4,1
LF:3
LH:3
BRF:0
BRH:0
end_of_record
